2023-03-03T16:10:40+00:00 CRITICAL Uncaught Error: Using $this when not in object context in C:\xampp\htdocs\hitesh-practical\wp-content\plugins\agc-gateway\agc-gateway.php:188
Stack trace:
#0 C:\xampp\htdocs\hitesh-practical\wp-includes\class-wp-hook.php(308): process_custom_payment('')
#1 C:\xampp\htdocs\hitesh-practical\wp-includes\class-wp-hook.php(332): WP_Hook->apply_filters('', Array)
#2 C:\xampp\htdocs\hitesh-practical\wp-includes\plugin.php(517): WP_Hook->do_action(Array)
#3 C:\xampp\htdocs\hitesh-practical\wp-content\plugins\woocommerce\includes\class-wc-checkout.php(1236): do_action('woocommerce_che...')
#4 C:\xampp\htdocs\hitesh-practical\wp-content\plugins\woocommerce\includes\class-wc-ajax.php(481): WC_Checkout->process_checkout()
#5 C:\xampp\htdocs\hitesh-practical\wp-includes\class-wp-hook.php(308): WC_AJAX::checkout('')
#6 C:\xampp\htdocs\hitesh-practical\wp-includes\class-wp-hook.php(332): WP_Hook->apply_filters('', Array)
#7 C:\xampp\htdocs\hitesh-practical\wp-includes\plugin.php(517): WP_Hook->do_action(Array)
#8 C:\xampp\h in C:\xampp\htdocs\hitesh-practical\wp-content\plugins\agc-gateway\agc-gateway.php on line 188

2023-03-03T16:11:39+00:00 CRITICAL Uncaught Error: Using $this when not in object context in C:\xampp\htdocs\hitesh-practical\wp-content\plugins\agc-gateway\agc-gateway.php:188
Stack trace:
#0 C:\xampp\htdocs\hitesh-practical\wp-includes\class-wp-hook.php(308): process_custom_payment('')
#1 C:\xampp\htdocs\hitesh-practical\wp-includes\class-wp-hook.php(332): WP_Hook->apply_filters('', Array)
#2 C:\xampp\htdocs\hitesh-practical\wp-includes\plugin.php(517): WP_Hook->do_action(Array)
#3 C:\xampp\htdocs\hitesh-practical\wp-content\plugins\woocommerce\includes\class-wc-checkout.php(1236): do_action('woocommerce_che...')
#4 C:\xampp\htdocs\hitesh-practical\wp-content\plugins\woocommerce\includes\class-wc-ajax.php(481): WC_Checkout->process_checkout()
#5 C:\xampp\htdocs\hitesh-practical\wp-includes\class-wp-hook.php(308): WC_AJAX::checkout('')
#6 C:\xampp\htdocs\hitesh-practical\wp-includes\class-wp-hook.php(332): WP_Hook->apply_filters('', Array)
#7 C:\xampp\htdocs\hitesh-practical\wp-includes\plugin.php(517): WP_Hook->do_action(Array)
#8 C:\xampp\h in C:\xampp\htdocs\hitesh-practical\wp-content\plugins\agc-gateway\agc-gateway.php on line 188

2023-03-03T16:56:08+00:00 CRITICAL syntax error, unexpected '.' in C:\xampp\htdocs\hitesh-practical\wp-content\themes\twentytwentytwo-child\template-product.php on line 15

2023-03-03T17:09:28+00:00 CRITICAL syntax error, unexpected '"', expecting ',' or ';' in C:\xampp\htdocs\hitesh-practical\wp-content\themes\twentytwentytwo-child\template-product.php on line 15

2023-03-03T17:22:36+00:00 CRITICAL syntax error, unexpected ')' in C:\xampp\htdocs\hitesh-practical\wp-content\themes\twentytwentytwo-child\functions.php on line 28

2023-03-03T17:22:53+00:00 CRITICAL syntax error, unexpected ')' in C:\xampp\htdocs\hitesh-practical\wp-content\themes\twentytwentytwo-child\functions.php on line 28

2023-03-03T17:58:57+00:00 CRITICAL syntax error, unexpected ';', expecting ')' in C:\xampp\htdocs\hitesh-practical\wp-content\themes\twentytwentytwo-child\functions.php on line 77

2023-03-03T17:59:51+00:00 CRITICAL syntax error, unexpected ';', expecting ')' in C:\xampp\htdocs\hitesh-practical\wp-content\themes\twentytwentytwo-child\functions.php on line 61

2023-03-03T17:59:52+00:00 CRITICAL syntax error, unexpected ';', expecting ')' in C:\xampp\htdocs\hitesh-practical\wp-content\themes\twentytwentytwo-child\functions.php on line 61

2023-03-03T18:00:58+00:00 CRITICAL syntax error, unexpected ';', expecting ')' in C:\xampp\htdocs\hitesh-practical\wp-content\themes\twentytwentytwo-child\functions.php on line 61

2023-03-03T18:01:52+00:00 CRITICAL syntax error, unexpected ';', expecting ')' in C:\xampp\htdocs\hitesh-practical\wp-content\themes\twentytwentytwo-child\functions.php on line 62

2023-03-03T18:01:53+00:00 CRITICAL syntax error, unexpected ';', expecting ')' in C:\xampp\htdocs\hitesh-practical\wp-content\themes\twentytwentytwo-child\functions.php on line 62

2023-03-03T18:03:50+00:00 CRITICAL syntax error, unexpected ';', expecting ')' in C:\xampp\htdocs\hitesh-practical\wp-content\themes\twentytwentytwo-child\functions.php on line 61

2023-03-03T18:03:50+00:00 CRITICAL syntax error, unexpected ';', expecting ')' in C:\xampp\htdocs\hitesh-practical\wp-content\themes\twentytwentytwo-child\functions.php on line 61

2023-03-03T18:03:52+00:00 CRITICAL syntax error, unexpected ';', expecting ')' in C:\xampp\htdocs\hitesh-practical\wp-content\themes\twentytwentytwo-child\functions.php on line 61

2023-03-03T18:03:54+00:00 CRITICAL syntax error, unexpected ';', expecting ')' in C:\xampp\htdocs\hitesh-practical\wp-content\themes\twentytwentytwo-child\functions.php on line 61

2023-03-03T18:04:01+00:00 CRITICAL syntax error, unexpected ';', expecting ')' in C:\xampp\htdocs\hitesh-practical\wp-content\themes\twentytwentytwo-child\functions.php on line 61

2023-03-03T18:04:47+00:00 CRITICAL syntax error, unexpected ')' in C:\xampp\htdocs\hitesh-practical\wp-content\themes\twentytwentytwo-child\functions.php on line 73

2023-03-03T18:26:28+00:00 CRITICAL syntax error, unexpected 'echo' (T_ECHO), expecting ',' or ';' in C:\xampp\htdocs\hitesh-practical\wp-content\themes\twentytwentytwo-child\template-product.php on line 16

